<?xml version="1.0" encoding="UTF-8"?>
<!-- Generated by org.testng.reporters.JUnitXMLReporter -->
<testsuite ignored="0" hostname="EzhilRaja" failures="0" tests="10" name="Default test" time="478.55" errors="0" timestamp="2022-04-11T16:17:47 IST">
  <testcase classname="lable.Job_Module" name="AddCustomer" time="30.798"/>
  <testcase classname="lable.Job_Module" name="jobadd" time="54.425"/>
  <testcase classname="lable.Job_Module" name="jobedit" time="51.254"/>
  <testcase classname="lable.Job_Module" name="Jobdelete" time="8.487"/>
  <testcase classname="lable.Job_Module" name="jobaddFOC" time="47.809"/>
  <testcase classname="lable.Job_Module" name="jobFOC" time="15.82"/>
  <testcase classname="lable.Job_Module" name="jobaddcomplete" time="47.895"/>
  <testcase classname="lable.Job_Module" name="jobcompelete" time="13.281"/>
  <testcase classname="lable.Job_Module" name="Recalljob" time="103.999"/>
  <testcase classname="lable.Job_Module" name="Aboutjob" time="68.317"/>
</testsuite> <!-- Default test -->
