<?xml version="1.0" encoding="UTF-8"?>
<!-- Generated by org.testng.reporters.JUnitXMLReporter -->
<testsuite ignored="0" hostname="Karnan-Lenovo" failures="0" tests="3" name="Default test" time="244.107" errors="0" timestamp="2022-04-05T14:59:00 IST">
  <testcase classname="testcase.Karna_Customer" name="login" time="34.703"/>
  <testcase classname="testcase.Karna_Customer" name="Add_Edit_Delete_Customer" time="80.133"/>
  <testcase classname="testcase.Karna_Customer" name="Add_Edit_Delete_Company" time="111.533"/>
</testsuite> <!-- Default test -->
