<?xml version="1.0" encoding="UTF-8"?>
<!-- Generated by org.testng.reporters.JUnitXMLReporter -->
<testsuite ignored="0" hostname="Karnan-Lenovo" failures="0" tests="3" name="Default test" time="288.776" errors="0" timestamp="2022-03-01T17:43:26 IST">
  <testcase classname="testcase.Portals" name="login" time="37.008"/>
  <testcase classname="testcase.Portals" name="Estimate_Accepted_In_Portal" time="126.597"/>
  <testcase classname="testcase.Portals" name="Estimate_Accepted_In_Portal_No_Payment" time="99.264"/>
</testsuite> <!-- Default test -->
