<?xml version="1.0" encoding="UTF-8"?>
<!-- Generated by org.testng.reporters.JUnitXMLReporter -->
<testsuite ignored="0" hostname="EzhilRaja" failures="0" tests="6" name="Default test" time="568.948" errors="0" timestamp="2022-04-07T16:28:46 IST">
  <testcase classname="lable.Job_Module" name="AddCustomer" time="30.04"/>
  <testcase classname="lable.Job_Module" name="jobadd" time="121.445"/>
  <testcase classname="lable.Job_Module" name="jobedit" time="120.277"/>
  <testcase classname="lable.Job_Module" name="Jobdelete" time="17.52"/>
  <testcase classname="lable.Job_Module" name="jobaddFOC" time="106.622"/>
  <testcase classname="lable.Job_Module" name="jobeditFOC" time="11.065"/>
</testsuite> <!-- Default test -->
