<?xml version="1.0" encoding="UTF-8"?>
<!-- Generated by org.testng.reporters.JUnitXMLReporter -->
<testsuite ignored="0" hostname="Azarudeen-Lenovo" failures="0" tests="3" name="Default test" time="69.025" errors="0" timestamp="2022-04-06T15:02:06 IST">
  <testcase classname="lable.Invoice_module" name="add_invoice" time="24.813"/>
  <testcase classname="lable.Invoice_module" name="edit_invoice" time="19.669"/>
  <testcase classname="lable.Invoice_module" name="delete_invoice" time="2.033"/>
</testsuite> <!-- Default test -->
