<?xml version="1.0" encoding="UTF-8"?>
<!-- Generated by org.testng.reporters.JUnitXMLReporter -->
<testsuite ignored="0" hostname="Karnan-Lenovo" failures="0" tests="5" name="Default test" time="437.133" errors="0" timestamp="2022-04-05T17:51:52 IST">
  <testcase classname="lable.Customer_Module" name="login" time="32.631"/>
  <testcase classname="lable.Customer_Module" name="Add_Edit_Delete_Customer" time="85.597"/>
  <testcase classname="lable.Customer_Module" name="Add_Edit_Delete_Company" time="119.37"/>
  <testcase classname="lable.Customer_Module" name="Contact_To_Primary" time="83.75"/>
  <testcase classname="lable.Customer_Module" name="Add_Edit_Delete_Branch" time="99.131"/>
</testsuite> <!-- Default test -->
