<?xml version="1.0" encoding="UTF-8"?>
<!-- Generated by org.testng.reporters.JUnitXMLReporter -->
<testsuite ignored="0" hostname="Karnan-Lenovo" failures="0" tests="7" name="Default test" time="781.497" errors="0" timestamp="2022-04-19T17:34:43 IST">
  <testcase classname="lable.Customer_Module" name="Add_Edit_Delete_Customer" time="85.231"/>
  <testcase classname="lable.Customer_Module" name="Add_Edit_Delete_Company" time="118.935"/>
  <testcase classname="lable.Customer_Module" name="Contact_To_Primary" time="83.439"/>
  <testcase classname="lable.Customer_Module" name="Add_Edit_Delete_Branch" time="95.891"/>
  <testcase classname="lable.Customer_Module" name="Add_Edit_Delete_WA" time="162.378"/>
  <testcase classname="lable.Customer_Module" name="Add_Edit_Delete_Service_Reminder" time="89.326"/>
  <testcase classname="lable.Customer_Module" name="Add_Edit_Delete_Reminder" time="85.628"/>
</testsuite> <!-- Default test -->
