<?xml version="1.0" encoding="UTF-8"?>
<!-- Generated by org.testng.reporters.JUnitXMLReporter -->
<testsuite ignored="0" hostname="Karnan-Lenovo" failures="0" tests="4" name="Default test" time="339.762" errors="0" timestamp="2022-04-05T16:23:51 IST">
  <testcase classname="lable.Customer_Module" name="login" time="36.868"/>
  <testcase classname="lable.Customer_Module" name="Add_Edit_Delete_Customer" time="85.145"/>
  <testcase classname="lable.Customer_Module" name="Add_Edit_Delete_Company" time="119.352"/>
  <testcase classname="lable.Customer_Module" name="Contact_To_Primary" time="83.976"/>
</testsuite> <!-- Default test -->
