<?xml version="1.0" encoding="UTF-8"?>
<!-- Generated by org.testng.reporters.JUnitXMLReporter -->
<testsuite ignored="0" hostname="EzhilRaja" failures="0" tests="4" name="Default test" time="308.841" errors="0" timestamp="2022-04-07T13:16:11 IST">
  <testcase classname="lable.Job_Module" name="AddCustomer" time="31.661"/>
  <testcase classname="lable.Job_Module" name="jobadd" time="120.994"/>
  <testcase classname="lable.Job_Module" name="jobedit" time="120.39"/>
  <testcase classname="lable.Job_Module" name="Jobdelete" time="17.454"/>
</testsuite> <!-- Default test -->
