<?xml version="1.0" encoding="UTF-8"?>
<!-- Generated by org.testng.reporters.JUnitXMLReporter -->
<testsuite ignored="0" hostname="Azarudeen-Lenovo" failures="0" tests="4" name="Default test" time="108.111" errors="0" timestamp="2022-04-06T17:48:53 IST">
  <testcase classname="lable.Invoice_module" name="add_invoice" time="30.66"/>
  <testcase classname="lable.Invoice_module" name="edit_invoice" time="21.867"/>
  <testcase classname="lable.Invoice_module" name="delete_invoice" time="1.497"/>
  <testcase classname="lable.Invoice_module" name="adding_additional_invoice_nobreakdown" time="26.947"/>
</testsuite> <!-- Default test -->
