<?xml version="1.0" encoding="UTF-8"?>
<!-- Generated by org.testng.reporters.JUnitXMLReporter -->
<testsuite ignored="0" hostname="Karnan-Lenovo" failures="0" tests="5" name="Default test" time="423.629" errors="0" timestamp="2022-04-05T18:21:09 IST">
  <testcase classname="lable.Customer_Module" name="login" time="4.489"/>
  <testcase classname="lable.Customer_Module" name="Add_Edit_Delete_Customer" time="95.028"/>
  <testcase classname="lable.Customer_Module" name="Add_Edit_Delete_Company" time="120.316"/>
  <testcase classname="lable.Customer_Module" name="Contact_To_Primary" time="84.204"/>
  <testcase classname="lable.Customer_Module" name="Add_Edit_Delete_Branch" time="96.56"/>
</testsuite> <!-- Default test -->
