<?xml version="1.0" encoding="UTF-8"?>
<!-- Generated by org.testng.reporters.JUnitXMLReporter -->
<testsuite ignored="0" hostname="Karnan-Lenovo" failures="0" tests="6" name="Default test" time="696.007" errors="0" timestamp="2022-04-12T11:16:46 IST">
  <testcase classname="lable.Customer_Module" name="Add_Edit_Delete_Customer" time="85.903"/>
  <testcase classname="lable.Customer_Module" name="Add_Edit_Delete_Company" time="119.238"/>
  <testcase classname="lable.Customer_Module" name="Contact_To_Primary" time="83.349"/>
  <testcase classname="lable.Customer_Module" name="Add_Edit_Delete_Branch" time="96.357"/>
  <testcase classname="lable.Customer_Module" name="Add_Edit_Delete_WA" time="161.833"/>
  <testcase classname="lable.Customer_Module" name="Add_Edit_Delete_Reminder" time="88.956"/>
</testsuite> <!-- Default test -->
