<?xml version="1.0" encoding="UTF-8"?>
<!-- Generated by org.testng.reporters.JUnitXMLReporter -->
<testsuite ignored="2" hostname="Karnan-Lenovo" failures="3" tests="3" name="Default test(failed)" time="53.653" errors="0" timestamp="2022-04-05T19:41:04 IST">
  <testcase classname="lable.Customer_Module" name="Add_Edit_Delete_Company" time="0.004">
    <failure type="java.lang.NullPointerException" message="null value in entry: url=null">
      <![CDATA[java.lang.NullPointerException: null value in entry: url=null
at com.google.common.collect.CollectPreconditions.checkEntryNotNull(CollectPreconditions.java:32)
at com.google.common.collect.SingletonImmutableBiMap.<init>(SingletonImmutableBiMap.java:42)
at com.google.common.collect.ImmutableBiMap.of(ImmutableBiMap.java:72)
at com.google.common.collect.ImmutableMap.of(ImmutableMap.java:124)
at org.openqa.selenium.remote.RemoteWebDriver.get(RemoteWebDriver.java:276)
at lable.Customer_Module.Add_Edit_Delete_Company(Customer_Module.java:35)
at java.base/java.util.ArrayList.forEach(ArrayList.java:1511)
... Removed 27 stack frames]]>
    </failure>
  </testcase> <!-- Add_Edit_Delete_Company -->
  <testcase classname="lable.Customer_Module" name="Contact_To_Primary" time="0.001">
    <failure type="java.lang.NullPointerException" message="null value in entry: url=null">
      <![CDATA[java.lang.NullPointerException: null value in entry: url=null
at com.google.common.collect.CollectPreconditions.checkEntryNotNull(CollectPreconditions.java:32)
at com.google.common.collect.SingletonImmutableBiMap.<init>(SingletonImmutableBiMap.java:42)
at com.google.common.collect.ImmutableBiMap.of(ImmutableBiMap.java:72)
at com.google.common.collect.ImmutableMap.of(ImmutableMap.java:124)
at org.openqa.selenium.remote.RemoteWebDriver.get(RemoteWebDriver.java:276)
at lable.Customer_Module.Contact_To_Primary(Customer_Module.java:45)
at java.base/java.util.ArrayList.forEach(ArrayList.java:1511)
... Removed 27 stack frames]]>
    </failure>
  </testcase> <!-- Contact_To_Primary -->
  <testcase classname="lable.Customer_Module" name="Add_Edit_Delete_Branch" time="0.002">
    <failure type="java.lang.NullPointerException" message="null value in entry: url=null">
      <![CDATA[java.lang.NullPointerException: null value in entry: url=null
at com.google.common.collect.CollectPreconditions.checkEntryNotNull(CollectPreconditions.java:32)
at com.google.common.collect.SingletonImmutableBiMap.<init>(SingletonImmutableBiMap.java:42)
at com.google.common.collect.ImmutableBiMap.of(ImmutableBiMap.java:72)
at com.google.common.collect.ImmutableMap.of(ImmutableMap.java:124)
at org.openqa.selenium.remote.RemoteWebDriver.get(RemoteWebDriver.java:276)
at lable.Customer_Module.Add_Edit_Delete_Branch(Customer_Module.java:54)
at java.base/java.util.ArrayList.forEach(ArrayList.java:1511)
... Removed 27 stack frames]]>
    </failure>
  </testcase> <!-- Add_Edit_Delete_Branch -->
  <testcase classname="lable.Customer_Module" name="login" time="0.0">
    <ignored/>
  </testcase> <!-- login -->
  <testcase classname="lable.Customer_Module" name="Add_Edit_Delete_Customer" time="0.0">
    <ignored/>
  </testcase> <!-- Add_Edit_Delete_Customer -->
</testsuite> <!-- Default test(failed) -->
