<?xml version="1.0" encoding="UTF-8"?>
<!-- Generated by org.testng.reporters.JUnitXMLReporter -->
<testsuite ignored="1" hostname="Karnan-Lenovo" failures="0" tests="3" name="Default test(failed)(failed)" time="361.698" errors="0" timestamp="2022-04-05T19:49:26 IST">
  <testcase classname="lable.Customer_Module" name="Add_Edit_Delete_Company" time="127.784"/>
  <testcase classname="lable.Customer_Module" name="Contact_To_Primary" time="84.682"/>
  <testcase classname="lable.Customer_Module" name="Add_Edit_Delete_Branch" time="97.29"/>
  <testcase classname="lable.Customer_Module" name="Add_Edit_Delete_Customer" time="0.0">
    <ignored/>
  </testcase> <!-- Add_Edit_Delete_Customer -->
</testsuite> <!-- Default test(failed)(failed) -->
